2018-08-13 09:21:45 -Starting BootdoApplication on LAPTOP-699J5EQE with PID 11052 (started by 阮军斌 in E:\SpringBoot—demo\bootdo)
2018-08-13 09:21:45 -Running with Spring Boot v2.0.3.RELEASE, Spring v5.0.7.RELEASE
2018-08-13 09:21:45 -The following profiles are active: dev
2018-08-13 09:21:46 -Refreshing org.springframework.boot.web.servlet.context.AnnotationConfigServletWebServerApplicationContext@6fdbe764: startup date [Mon Aug 13 09:21:46 CST 2018]; root of context hierarchy
2018-08-13 09:21:48 -Multiple Spring Data modules found, entering strict repository configuration mode!
2018-08-13 09:21:49 -Bean 'org.springframework.transaction.annotation.ProxyTransactionManagementConfiguration' of type [org.springframework.transaction.annotation.ProxyTransactionManagementConfiguration$$EnhancerBySpringCGLIB$$54631726] is not eligible for getting processed by all BeanPostProcessors (for example: not eligible for auto-proxying)
2018-08-13 09:21:49 -Bean 'shiroConfig' of type [com.bootdo.system.config.ShiroConfig$$EnhancerBySpringCGLIB$$46bc45cd] is not eligible for getting processed by all BeanPostProcessors (for example: not eligible for auto-proxying)
2018-08-13 09:21:50 -Bean 'userRealm' of type [com.bootdo.system.shiro.UserRealm] is not eligible for getting processed by all BeanPostProcessors (for example: not eligible for auto-proxying)
2018-08-13 09:21:50 -No configuration found. Configuring ehcache from ehcache-failsafe.xml  found in the classpath: jar:file:/E:/Program%20Files/apache-maven-3.5.3/repository/net/sf/ehcache/ehcache/2.10.5/ehcache-2.10.5.jar!/ehcache-failsafe.xml
2018-08-13 09:21:50 -Bean 'cacheManager2' of type [net.sf.ehcache.CacheManager] is not eligible for getting processed by all BeanPostProcessors (for example: not eligible for auto-proxying)
2018-08-13 09:21:50 -Bean 'ehCacheManager' of type [org.apache.shiro.cache.ehcache.EhCacheManager] is not eligible for getting processed by all BeanPostProcessors (for example: not eligible for auto-proxying)
2018-08-13 09:21:50 -Cache with name 'com.bootdo.system.shiro.UserRealm.authorizationCache' does not yet exist.  Creating now.
2018-08-13 09:21:51 -Added EhCache named [com.bootdo.system.shiro.UserRealm.authorizationCache]
2018-08-13 09:21:51 -Bean 'sessionDAO' of type [org.apache.shiro.session.mgt.eis.MemorySessionDAO] is not eligible for getting processed by all BeanPostProcessors (for example: not eligible for auto-proxying)
2018-08-13 09:21:51 -Bean 'sessionManager' of type [org.apache.shiro.web.session.mgt.DefaultWebSessionManager] is not eligible for getting processed by all BeanPostProcessors (for example: not eligible for auto-proxying)
2018-08-13 09:21:51 -Bean 'securityManager' of type [org.apache.shiro.web.mgt.DefaultWebSecurityManager] is not eligible for getting processed by all BeanPostProcessors (for example: not eligible for auto-proxying)
2018-08-13 09:21:51 -Bean 'authorizationAttributeSourceAdvisor' of type [org.apache.shiro.spring.security.interceptor.AuthorizationAttributeSourceAdvisor] is not eligible for getting processed by all BeanPostProcessors (for example: not eligible for auto-proxying)
2018-08-13 09:21:51 -Tomcat initialized with port(s): 80 (http)
2018-08-13 09:21:51 -Initializing ProtocolHandler ["http-nio-80"]
2018-08-13 09:21:51 -Starting service [Tomcat]
2018-08-13 09:21:51 -Starting Servlet Engine: Apache Tomcat/8.5.31
2018-08-13 09:21:51 -The APR based Apache Tomcat Native library which allows optimal performance in production environments was not found on the java.library.path: [E:\Program Files\Java\jdk1.8.0_171\bin;C:\WINDOWS\Sun\Java\bin;C:\WINDOWS\system32;C:\WINDOWS;C:\Program Files (x86)\Common Files\Oracle\Java\javapath;C:\WINDOWS\system32;C:\WINDOWS;C:\WINDOWS\System32\Wbem;C:\WINDOWS\System32\WindowsPowerShell\v1.0\;C:\Program Files\Intel\WiFi\bin\;C:\Program Files\Common Files\Intel\WirelessCommon\;E:\Program Files\Java\jdk1.8.0_171\bin;E:\Program Files\Java\jdk1.8.0_171\jre\bin;E:\Program Files\MySQL\MySQL Server 5.5\bin;E:\Program Files\Git\cmd;E:\Program Files\apache-maven-3.5.3\bin\;C:\WINDOWS\System32\OpenSSH\;E:\Microsoft VS Code Insiders\bin;C:\Users\阮军斌\AppData\Local\Microsoft\WindowsApps;E:\Microsoft VS Code Insiders\bin;C:\Users\阮军斌\AppData\Local\GitHubDesktop\bin;.]
2018-08-13 09:21:51 -Initializing Spring embedded WebApplicationContext
2018-08-13 09:21:51 -Root WebApplicationContext: initialization completed in 5909 ms
2018-08-13 09:21:52 -Mapping filter: 'characterEncodingFilter' to: [/*]
2018-08-13 09:21:52 -Mapping filter: 'hiddenHttpMethodFilter' to: [/*]
2018-08-13 09:21:52 -Mapping filter: 'httpPutFormContentFilter' to: [/*]
2018-08-13 09:21:52 -Mapping filter: 'requestContextFilter' to: [/*]
2018-08-13 09:21:52 -Filter xssFilter was not registered (disabled)
2018-08-13 09:21:52 -Mapping filter: 'webStatFilter' to urls: [/*]
2018-08-13 09:21:52 -Mapping filter: 'shiroFilterFactoryBean' to: [/*]
2018-08-13 09:21:52 -Servlet statViewServlet mapped to [/druid/*]
2018-08-13 09:21:52 -Servlet dispatcherServlet mapped to [/]
2018-08-13 09:21:52 -{dataSource-1} inited
2018-08-13 09:21:54 -ProcessEngine default created
2018-08-13 09:21:55 -ApplicationContext registed-->org.springframework.boot.web.servlet.context.AnnotationConfigServletWebServerApplicationContext@6fdbe764: startup date [Mon Aug 13 09:21:46 CST 2018]; root of context hierarchy
2018-08-13 09:21:55 -Using default implementation for ThreadExecutor
2018-08-13 09:21:55 -Initialized Scheduler Signaller of type: class org.quartz.core.SchedulerSignalerImpl
2018-08-13 09:21:55 -Quartz Scheduler v.2.2.1 created.
2018-08-13 09:21:55 -RAMJobStore initialized.
2018-08-13 09:21:55 -Scheduler meta-data: Quartz Scheduler (v2.2.1) 'schedulerFactoryBean' with instanceId 'NON_CLUSTERED'
  Scheduler class: 'org.quartz.core.QuartzScheduler' - running locally.
  NOT STARTED.
  Currently in standby mode.
  Number of jobs executed: 0
  Using thread pool 'org.quartz.simpl.SimpleThreadPool' - with 10 threads.
  Using job-store 'org.quartz.simpl.RAMJobStore' - which does not support persistence. and is not clustered.

2018-08-13 09:21:55 -Quartz scheduler 'schedulerFactoryBean' initialized from an externally provided properties instance.
2018-08-13 09:21:55 -Quartz scheduler version: 2.2.1
2018-08-13 09:21:55 -JobFactory set to: com.bootdo.common.quartz.factory.JobFactory@7ee12d58
2018-08-13 09:21:55 -Initializing ExecutorService  'clientInboundChannelExecutor'
2018-08-13 09:21:55 -Initializing ExecutorService  'clientOutboundChannelExecutor'
2018-08-13 09:21:57 -Mapped "{[/activiti/model/{id}],methods=[DELETE]}" onto public com.bootdo.common.utils.R com.bootdo.activiti.controller.ModelController.remove(java.lang.String)
2018-08-13 09:21:57 -Mapped "{[/activiti/model/list],methods=[GET]}" onto com.bootdo.common.utils.PageUtils com.bootdo.activiti.controller.ModelController.list(int,int)
2018-08-13 09:21:57 -Mapped "{[/activiti/model/batchRemove],methods=[POST]}" onto public com.bootdo.common.utils.R com.bootdo.activiti.controller.ModelController.batchRemove(java.lang.String[])
2018-08-13 09:21:57 -Mapped "{[/activiti/model],methods=[GET]}" onto org.springframework.web.servlet.ModelAndView com.bootdo.activiti.controller.ModelController.model()
2018-08-13 09:21:57 -Mapped "{[/activiti/editor/stencilset],methods=[GET],produces=[application/json;charset=utf-8]}" onto public java.lang.String com.bootdo.activiti.controller.ModelController.getStencilset()
2018-08-13 09:21:57 -Mapped "{[/activiti/model/edit/{id}],methods=[GET]}" onto public void com.bootdo.activiti.controller.ModelController.edit(javax.servlet.http.HttpServletResponse,java.lang.String)
2018-08-13 09:21:57 -Mapped "{[/activiti/model/add]}" onto public void com.bootdo.activiti.controller.ModelController.newModel(javax.servlet.http.HttpServletResponse) throws java.io.UnsupportedEncodingException
2018-08-13 09:21:57 -Mapped "{[/activiti/model/{modelId}/json],methods=[GET]}" onto public com.fasterxml.jackson.databind.node.ObjectNode com.bootdo.activiti.controller.ModelController.getEditorJson(java.lang.String)
2018-08-13 09:21:57 -Mapped "{[/activiti/model/{modelId}/save],methods=[PUT]}" onto public void com.bootdo.activiti.controller.ModelController.saveModel(java.lang.String,java.lang.String,java.lang.String,java.lang.String,java.lang.String)
2018-08-13 09:21:57 -Mapped "{[/activiti/model/export/{id}],methods=[GET]}" onto public void com.bootdo.activiti.controller.ModelController.exportToXml(java.lang.String,javax.servlet.http.HttpServletResponse)
2018-08-13 09:21:57 -Mapped "{[/activiti/model/deploy/{id}],methods=[POST]}" onto public com.bootdo.common.utils.R com.bootdo.activiti.controller.ModelController.deploy(java.lang.String) throws java.lang.Exception
2018-08-13 09:21:57 -Mapped "{[/activiti/process/add],methods=[GET]}" onto public org.springframework.web.servlet.ModelAndView com.bootdo.activiti.controller.ProcessController.add()
2018-08-13 09:21:57 -Mapped "{[/activiti/process/remove],methods=[POST]}" onto public com.bootdo.common.utils.R com.bootdo.activiti.controller.ProcessController.remove(java.lang.String)
2018-08-13 09:21:57 -Mapped "{[/activiti/process/list],methods=[GET]}" onto com.bootdo.common.utils.PageUtils com.bootdo.activiti.controller.ProcessController.list(int,int)
2018-08-13 09:21:57 -Mapped "{[/activiti/process/batchRemove],methods=[POST]}" onto public com.bootdo.common.utils.R com.bootdo.activiti.controller.ProcessController.batchRemove(java.lang.String[])
2018-08-13 09:21:57 -Mapped "{[/activiti/process],methods=[GET]}" onto org.springframework.web.servlet.ModelAndView com.bootdo.activiti.controller.ProcessController.process()
2018-08-13 09:21:57 -Mapped "{[/activiti/process/convertToModel/{procDefId}]}" onto public com.bootdo.common.utils.R com.bootdo.activiti.controller.ProcessController.convertToModel(java.lang.String,org.springframework.web.servlet.mvc.support.RedirectAttributes) throws java.io.UnsupportedEncodingException,javax.xml.stream.XMLStreamException
2018-08-13 09:21:57 -Mapped "{[/activiti/process/resource/read/{xml}/{id}]}" onto public void com.bootdo.activiti.controller.ProcessController.resourceRead(java.lang.String,java.lang.String,javax.servlet.http.HttpServletResponse) throws java.lang.Exception
2018-08-13 09:21:57 -Mapped "{[/activiti/process/save],methods=[POST]}" onto public com.bootdo.common.utils.R com.bootdo.activiti.controller.ProcessController.deploy(java.lang.String,java.lang.String,org.springframework.web.multipart.MultipartFile)
2018-08-13 09:21:57 -Mapped "{[/act/salary/form],methods=[GET]}" onto java.lang.String com.bootdo.activiti.controller.SalaryController.add()
2018-08-13 09:21:57 -Mapped "{[/act/salary/remove],methods=[POST]}" onto public com.bootdo.common.utils.R com.bootdo.activiti.controller.SalaryController.remove(java.lang.String)
2018-08-13 09:21:57 -Mapped "{[/act/salary/batchRemove],methods=[POST]}" onto public com.bootdo.common.utils.R com.bootdo.activiti.controller.SalaryController.remove(java.lang.String[])
2018-08-13 09:21:57 -Mapped "{[/act/salary/update]}" onto public com.bootdo.common.utils.R com.bootdo.activiti.controller.SalaryController.update(com.bootdo.activiti.domain.SalaryDO)
2018-08-13 09:21:57 -Mapped "{[/act/salary/list],methods=[GET]}" onto public com.bootdo.common.utils.PageUtils com.bootdo.activiti.controller.SalaryController.list(java.util.Map<java.lang.String, java.lang.Object>)
2018-08-13 09:21:57 -Mapped "{[/act/salary/form/{taskId}],methods=[GET]}" onto java.lang.String com.bootdo.activiti.controller.SalaryController.edit(java.lang.String,org.springframework.ui.Model)
2018-08-13 09:21:57 -Mapped "{[/act/salary],methods=[GET]}" onto java.lang.String com.bootdo.activiti.controller.SalaryController.Salary()
2018-08-13 09:21:57 -Mapped "{[/act/salary/save],methods=[POST]}" onto public com.bootdo.common.utils.R com.bootdo.activiti.controller.SalaryController.saveOrUpdate(com.bootdo.activiti.domain.SalaryDO)
2018-08-13 09:21:57 -Mapped "{[/activiti/task/form/{procDefId}/{taskId}],methods=[GET]}" onto public void com.bootdo.activiti.controller.TaskController.form(java.lang.String,java.lang.String,javax.servlet.http.HttpServletResponse) throws java.io.IOException
2018-08-13 09:21:57 -Mapped "{[/activiti/task/gotoList],methods=[GET]}" onto com.bootdo.common.utils.PageUtils com.bootdo.activiti.controller.TaskController.list(int,int)
2018-08-13 09:21:57 -Mapped "{[/activiti/task/goto],methods=[GET]}" onto public org.springframework.web.servlet.ModelAndView com.bootdo.activiti.controller.TaskController.gotoTask()
2018-08-13 09:21:57 -Mapped "{[/activiti/task/todo],methods=[GET]}" onto org.springframework.web.servlet.ModelAndView com.bootdo.activiti.controller.TaskController.todo()
2018-08-13 09:21:57 -Mapped "{[/activiti/task/form/{procDefId}],methods=[GET]}" onto public void com.bootdo.activiti.controller.TaskController.startForm(java.lang.String,javax.servlet.http.HttpServletResponse) throws java.io.IOException
2018-08-13 09:21:57 -Mapped "{[/activiti/task/trace/photo/{procDefId}/{execId}]}" onto public void com.bootdo.activiti.controller.TaskController.tracePhoto(java.lang.String,java.lang.String,javax.servlet.http.HttpServletResponse) throws java.lang.Exception
2018-08-13 09:21:57 -Mapped "{[/activiti/task/todoList],methods=[GET]}" onto java.util.List<com.bootdo.activiti.vo.TaskVO> com.bootdo.activiti.controller.TaskController.todoList()
2018-08-13 09:21:57 -Mapped "{[/blog/open/post/{cid}],methods=[GET]}" onto java.lang.String com.bootdo.blog.controller.BlogController.post(java.lang.Long,org.springframework.ui.Model)
2018-08-13 09:21:57 -Mapped "{[/blog],methods=[GET]}" onto java.lang.String com.bootdo.blog.controller.BlogController.blog()
2018-08-13 09:21:57 -Mapped "{[/blog/open/page/{categories}],methods=[GET]}" onto java.lang.String com.bootdo.blog.controller.BlogController.about(java.lang.String,org.springframework.ui.Model)
2018-08-13 09:21:57 -Mapped "{[/blog/open/list],methods=[GET]}" onto public com.bootdo.common.utils.PageUtils com.bootdo.blog.controller.BlogController.opentList(java.util.Map<java.lang.String, java.lang.Object>)
2018-08-13 09:21:57 -Mapped "{[/blog/bContent/add],methods=[GET]}" onto java.lang.String com.bootdo.blog.controller.ContentController.add()
2018-08-13 09:21:57 -Mapped "{[/blog/bContent/remove],methods=[POST]}" onto public com.bootdo.common.utils.R com.bootdo.blog.controller.ContentController.remove(java.lang.Long)
2018-08-13 09:21:57 -Mapped "{[/blog/bContent/batchRemove],methods=[POST]}" onto public com.bootdo.common.utils.R com.bootdo.blog.controller.ContentController.remove(java.lang.Long[])
2018-08-13 09:21:57 -Mapped "{[/blog/bContent/update]}" onto public com.bootdo.common.utils.R com.bootdo.blog.controller.ContentController.update(com.bootdo.blog.domain.ContentDO)
2018-08-13 09:21:57 -Mapped "{[/blog/bContent/list],methods=[GET]}" onto public com.bootdo.common.utils.PageUtils com.bootdo.blog.controller.ContentController.list(java.util.Map<java.lang.String, java.lang.Object>)
2018-08-13 09:21:57 -Mapped "{[/blog/bContent/save],methods=[POST]}" onto public com.bootdo.common.utils.R com.bootdo.blog.controller.ContentController.save(com.bootdo.blog.domain.ContentDO)
2018-08-13 09:21:57 -Mapped "{[/blog/bContent/edit/{cid}],methods=[GET]}" onto java.lang.String com.bootdo.blog.controller.ContentController.edit(java.lang.Long,org.springframework.ui.Model)
2018-08-13 09:21:57 -Mapped "{[/blog/bContent],methods=[GET]}" onto java.lang.String com.bootdo.blog.controller.ContentController.bContent()
2018-08-13 09:21:57 -Mapped "{[/common/dict/add],methods=[GET]}" onto java.lang.String com.bootdo.common.controller.DictController.add()
2018-08-13 09:21:57 -Mapped "{[/common/dict/remove],methods=[POST]}" onto public com.bootdo.common.utils.R com.bootdo.common.controller.DictController.remove(java.lang.Long)
2018-08-13 09:21:57 -Mapped "{[/common/dict/batchRemove],methods=[POST]}" onto public com.bootdo.common.utils.R com.bootdo.common.controller.DictController.remove(java.lang.Long[])
2018-08-13 09:21:57 -Mapped "{[/common/dict/update]}" onto public com.bootdo.common.utils.R com.bootdo.common.controller.DictController.update(com.bootdo.common.domain.DictDO)
2018-08-13 09:21:57 -Mapped "{[/common/dict/list],methods=[GET]}" onto public com.bootdo.common.utils.PageUtils com.bootdo.common.controller.DictController.list(java.util.Map<java.lang.String, java.lang.Object>)
2018-08-13 09:21:57 -Mapped "{[/common/dict/save],methods=[POST]}" onto public com.bootdo.common.utils.R com.bootdo.common.controller.DictController.save(com.bootdo.common.domain.DictDO)
2018-08-13 09:21:57 -Mapped "{[/common/dict/type],methods=[GET]}" onto public java.util.List<com.bootdo.common.domain.DictDO> com.bootdo.common.controller.DictController.listType()
2018-08-13 09:21:57 -Mapped "{[/common/dict/edit/{id}],methods=[GET]}" onto java.lang.String com.bootdo.common.controller.DictController.edit(java.lang.Long,org.springframework.ui.Model)
2018-08-13 09:21:57 -Mapped "{[/common/dict/add/{type}/{description}],methods=[GET]}" onto java.lang.String com.bootdo.common.controller.DictController.addD(org.springframework.ui.Model,java.lang.String,java.lang.String)
2018-08-13 09:21:57 -Mapped "{[/common/dict/list/{type}],methods=[GET]}" onto public java.util.List<com.bootdo.common.domain.DictDO> com.bootdo.common.controller.DictController.listByType(java.lang.String)
2018-08-13 09:21:57 -Mapped "{[/common/dict],methods=[GET]}" onto java.lang.String com.bootdo.common.controller.DictController.dict()
2018-08-13 09:21:57 -Mapped "{[/common/sysFile/add],methods=[GET]}" onto java.lang.String com.bootdo.common.controller.FileController.add()
2018-08-13 09:21:57 -Mapped "{[/common/sysFile/remove],methods=[POST]}" onto public com.bootdo.common.utils.R com.bootdo.common.controller.FileController.remove(java.lang.Long,javax.servlet.http.HttpServletRequest)
2018-08-13 09:21:57 -Mapped "{[/common/sysFile/batchRemove],methods=[POST]}" onto public com.bootdo.common.utils.R com.bootdo.common.controller.FileController.remove(java.lang.Long[])
2018-08-13 09:21:57 -Mapped "{[/common/sysFile/update]}" onto public com.bootdo.common.utils.R com.bootdo.common.controller.FileController.update(com.bootdo.common.domain.FileDO)
2018-08-13 09:21:57 -Mapped "{[/common/sysFile/list],methods=[GET]}" onto public com.bootdo.common.utils.PageUtils com.bootdo.common.controller.FileController.list(java.util.Map<java.lang.String, java.lang.Object>)
2018-08-13 09:21:57 -Mapped "{[/common/sysFile/save],methods=[POST]}" onto public com.bootdo.common.utils.R com.bootdo.common.controller.FileController.save(com.bootdo.common.domain.FileDO)
2018-08-13 09:21:57 -Mapped "{[/common/sysFile/info/{id}]}" onto public com.bootdo.common.utils.R com.bootdo.common.controller.FileController.info(java.lang.Long)
2018-08-13 09:21:57 -Mapped "{[/common/sysFile/edit],methods=[GET]}" onto java.lang.String com.bootdo.common.controller.FileController.edit(java.lang.Long,org.springframework.ui.Model)
2018-08-13 09:21:57 -Mapped "{[/common/sysFile/upload],methods=[POST]}" onto com.bootdo.common.utils.R com.bootdo.common.controller.FileController.upload(org.springframework.web.multipart.MultipartFile,javax.servlet.http.HttpServletRequest)
2018-08-13 09:21:57 -Mapped "{[/common/sysFile],methods=[GET]}" onto java.lang.String com.bootdo.common.controller.FileController.sysFile(org.springframework.ui.Model)
2018-08-13 09:21:57 -Mapped "{[/common/generator/update],methods=[POST]}" onto com.bootdo.common.utils.R com.bootdo.common.controller.GeneratorController.update(java.util.Map<java.lang.String, java.lang.Object>)
2018-08-13 09:21:57 -Mapped "{[/common/generator/list],methods=[GET]}" onto java.util.List<java.util.Map<java.lang.String, java.lang.Object>> com.bootdo.common.controller.GeneratorController.list()
2018-08-13 09:21:57 -Mapped "{[/common/generator/code/{tableName}]}" onto public void com.bootdo.common.controller.GeneratorController.code(javax.servlet.http.HttpServletRequest,javax.servlet.http.HttpServletResponse,java.lang.String) throws java.io.IOException
2018-08-13 09:21:57 -Mapped "{[/common/generator],methods=[GET]}" onto java.lang.String com.bootdo.common.controller.GeneratorController.generator()
2018-08-13 09:21:57 -Mapped "{[/common/generator/edit],methods=[GET]}" onto public java.lang.String com.bootdo.common.controller.GeneratorController.edit(org.springframework.ui.Model)
2018-08-13 09:21:57 -Mapped "{[/common/generator/batchCode]}" onto public void com.bootdo.common.controller.GeneratorController.batchCode(javax.servlet.http.HttpServletRequest,javax.servlet.http.HttpServletResponse,java.lang.String) throws java.io.IOException
2018-08-13 09:21:57 -Mapped "{[/common/job/add],methods=[GET]}" onto java.lang.String com.bootdo.common.controller.JobController.add()
2018-08-13 09:21:57 -Mapped "{[/common/job/remove],methods=[POST]}" onto public com.bootdo.common.utils.R com.bootdo.common.controller.JobController.remove(java.lang.Long)
2018-08-13 09:21:57 -Mapped "{[/common/job/batchRemove],methods=[POST]}" onto public com.bootdo.common.utils.R com.bootdo.common.controller.JobController.remove(java.lang.Long[])
2018-08-13 09:21:57 -Mapped "{[/common/job/update],methods=[POST]}" onto public com.bootdo.common.utils.R com.bootdo.common.controller.JobController.update(com.bootdo.common.domain.TaskDO)
2018-08-13 09:21:57 -Mapped "{[/common/job/list],methods=[GET]}" onto public com.bootdo.common.utils.PageUtils com.bootdo.common.controller.JobController.list(java.util.Map<java.lang.String, java.lang.Object>)
2018-08-13 09:21:57 -Mapped "{[/common/job/save],methods=[POST]}" onto public com.bootdo.common.utils.R com.bootdo.common.controller.JobController.save(com.bootdo.common.domain.TaskDO)
2018-08-13 09:21:57 -Mapped "{[/common/job/info/{id}]}" onto public com.bootdo.common.utils.R com.bootdo.common.controller.JobController.info(java.lang.Long)
2018-08-13 09:21:57 -Mapped "{[/common/job/edit/{id}],methods=[GET]}" onto java.lang.String com.bootdo.common.controller.JobController.edit(java.lang.Long,org.springframework.ui.Model)
2018-08-13 09:21:57 -Mapped "{[/common/job],methods=[GET]}" onto java.lang.String com.bootdo.common.controller.JobController.taskScheduleJob()
2018-08-13 09:21:57 -Mapped "{[/common/job/changeJobStatus],methods=[POST]}" onto public com.bootdo.common.utils.R com.bootdo.common.controller.JobController.changeJobStatus(java.lang.Long,java.lang.String)
2018-08-13 09:21:57 -Mapped "{[/common/log/remove],methods=[POST]}" onto com.bootdo.common.utils.R com.bootdo.common.controller.LogController.remove(java.lang.Long)
2018-08-13 09:21:57 -Mapped "{[/common/log],methods=[GET]}" onto java.lang.String com.bootdo.common.controller.LogController.log()
2018-08-13 09:21:57 -Mapped "{[/common/log/list],methods=[GET]}" onto com.bootdo.common.domain.PageDO<com.bootdo.common.domain.LogDO> com.bootdo.common.controller.LogController.list(java.util.Map<java.lang.String, java.lang.Object>)
2018-08-13 09:21:57 -Mapped "{[/common/log/batchRemove],methods=[POST]}" onto com.bootdo.common.utils.R com.bootdo.common.controller.LogController.batchRemove(java.lang.Long[])
2018-08-13 09:21:57 -Mapped "{[/error]}" onto public com.bootdo.common.utils.R com.bootdo.common.exception.MainsiteErrorController.handleError(javax.servlet.http.HttpServletRequest,javax.servlet.http.HttpServletResponse)
2018-08-13 09:21:57 -Mapped "{[/error],produces=[text/html]}" onto public org.springframework.web.servlet.ModelAndView com.bootdo.common.exception.MainsiteErrorController.errorHtml(javax.servlet.http.HttpServletRequest,javax.servlet.http.HttpServletResponse)
2018-08-13 09:21:57 -Mapped "{[/oa/notify/add],methods=[GET]}" onto java.lang.String com.bootdo.oa.controller.NotifyController.add()
2018-08-13 09:21:57 -Mapped "{[/oa/notify/remove],methods=[POST]}" onto public com.bootdo.common.utils.R com.bootdo.oa.controller.NotifyController.remove(java.lang.Long)
2018-08-13 09:21:57 -Mapped "{[/oa/notify/batchRemove],methods=[POST]}" onto public com.bootdo.common.utils.R com.bootdo.oa.controller.NotifyController.remove(java.lang.Long[])
2018-08-13 09:21:57 -Mapped "{[/oa/notify/update]}" onto public com.bootdo.common.utils.R com.bootdo.oa.controller.NotifyController.update(com.bootdo.oa.domain.NotifyDO)
2018-08-13 09:21:57 -Mapped "{[/oa/notify/read/{id}],methods=[GET]}" onto java.lang.String com.bootdo.oa.controller.NotifyController.read(java.lang.Long,org.springframework.ui.Model)
2018-08-13 09:21:57 -Mapped "{[/oa/notify/list],methods=[GET]}" onto public com.bootdo.common.utils.PageUtils com.bootdo.oa.controller.NotifyController.list(java.util.Map<java.lang.String, java.lang.Object>)
2018-08-13 09:21:57 -Mapped "{[/oa/notify/save],methods=[POST]}" onto public com.bootdo.common.utils.R com.bootdo.oa.controller.NotifyController.save(com.bootdo.oa.domain.NotifyDO)
2018-08-13 09:21:57 -Mapped "{[/oa/notify/message],methods=[GET]}" onto com.bootdo.common.utils.PageUtils com.bootdo.oa.controller.NotifyController.message()
2018-08-13 09:21:57 -Mapped "{[/oa/notify/edit/{id}],methods=[GET]}" onto java.lang.String com.bootdo.oa.controller.NotifyController.edit(java.lang.Long,org.springframework.ui.Model)
2018-08-13 09:21:57 -Mapped "{[/oa/notify],methods=[GET]}" onto java.lang.String com.bootdo.oa.controller.NotifyController.oaNotify()
2018-08-13 09:21:57 -Mapped "{[/oa/notify/selfList],methods=[GET]}" onto com.bootdo.common.utils.PageUtils com.bootdo.oa.controller.NotifyController.selfList(java.util.Map<java.lang.String, java.lang.Object>)
2018-08-13 09:21:57 -Mapped "{[/oa/notify/selfNotify],methods=[GET]}" onto java.lang.String com.bootdo.oa.controller.NotifyController.selefNotify()
2018-08-13 09:21:57 -Mapped "{[/system/sysDept/add/{pId}],methods=[GET]}" onto java.lang.String com.bootdo.system.controller.DeptController.add(java.lang.Long,org.springframework.ui.Model)
2018-08-13 09:21:57 -Mapped "{[/system/sysDept/remove],methods=[POST]}" onto public com.bootdo.common.utils.R com.bootdo.system.controller.DeptController.remove(java.lang.Long)
2018-08-13 09:21:57 -Mapped "{[/system/sysDept/batchRemove],methods=[POST]}" onto public com.bootdo.common.utils.R com.bootdo.system.controller.DeptController.remove(java.lang.Long[])
2018-08-13 09:21:57 -Mapped "{[/system/sysDept/update]}" onto public com.bootdo.common.utils.R com.bootdo.system.controller.DeptController.update(com.bootdo.system.domain.DeptDO)
2018-08-13 09:21:57 -Mapped "{[/system/sysDept/list],methods=[GET]}" onto public java.util.List<com.bootdo.system.domain.DeptDO> com.bootdo.system.controller.DeptController.list()
2018-08-13 09:21:57 -Mapped "{[/system/sysDept/save],methods=[POST]}" onto public com.bootdo.common.utils.R com.bootdo.system.controller.DeptController.save(com.bootdo.system.domain.DeptDO)
2018-08-13 09:21:57 -Mapped "{[/system/sysDept/tree],methods=[GET]}" onto public com.bootdo.common.domain.Tree<com.bootdo.system.domain.DeptDO> com.bootdo.system.controller.DeptController.tree()
2018-08-13 09:21:57 -Mapped "{[/system/sysDept/edit/{deptId}],methods=[GET]}" onto java.lang.String com.bootdo.system.controller.DeptController.edit(java.lang.Long,org.springframework.ui.Model)
2018-08-13 09:21:57 -Mapped "{[/system/sysDept],methods=[GET]}" onto java.lang.String com.bootdo.system.controller.DeptController.dept()
2018-08-13 09:21:57 -Mapped "{[/system/sysDept/treeView],methods=[GET]}" onto java.lang.String com.bootdo.system.controller.DeptController.treeView()
2018-08-13 09:21:57 -Mapped "{[/index],methods=[GET]}" onto java.lang.String com.bootdo.system.controller.LoginController.index(org.springframework.ui.Model)
2018-08-13 09:21:57 -Mapped "{[/main],methods=[GET]}" onto java.lang.String com.bootdo.system.controller.LoginController.main()
2018-08-13 09:21:57 -Mapped "{[/login],methods=[POST]}" onto com.bootdo.common.utils.R com.bootdo.system.controller.LoginController.ajaxLogin(java.lang.String,java.lang.String)
2018-08-13 09:21:57 -Mapped "{[/ || ],methods=[GET]}" onto java.lang.String com.bootdo.system.controller.LoginController.welcome(org.springframework.ui.Model)
2018-08-13 09:21:57 -Mapped "{[/login],methods=[GET]}" onto java.lang.String com.bootdo.system.controller.LoginController.login()
2018-08-13 09:21:57 -Mapped "{[/logout],methods=[GET]}" onto java.lang.String com.bootdo.system.controller.LoginController.logout()
2018-08-13 09:21:57 -Mapped "{[/sys/menu/add/{pId}],methods=[GET]}" onto java.lang.String com.bootdo.system.controller.MenuController.add(org.springframework.ui.Model,java.lang.Long)
2018-08-13 09:21:57 -Mapped "{[/sys/menu/remove],methods=[POST]}" onto com.bootdo.common.utils.R com.bootdo.system.controller.MenuController.remove(java.lang.Long)
2018-08-13 09:21:57 -Mapped "{[/sys/menu/update],methods=[POST]}" onto com.bootdo.common.utils.R com.bootdo.system.controller.MenuController.update(com.bootdo.system.domain.MenuDO)
2018-08-13 09:21:57 -Mapped "{[/sys/menu/list]}" onto java.util.List<com.bootdo.system.domain.MenuDO> com.bootdo.system.controller.MenuController.list(java.util.Map<java.lang.String, java.lang.Object>)
2018-08-13 09:21:57 -Mapped "{[/sys/menu/save],methods=[POST]}" onto com.bootdo.common.utils.R com.bootdo.system.controller.MenuController.save(com.bootdo.system.domain.MenuDO)
2018-08-13 09:21:57 -Mapped "{[/sys/menu/tree/{roleId}],methods=[GET]}" onto com.bootdo.common.domain.Tree<com.bootdo.system.domain.MenuDO> com.bootdo.system.controller.MenuController.tree(java.lang.Long)
2018-08-13 09:21:57 -Mapped "{[/sys/menu/tree],methods=[GET]}" onto com.bootdo.common.domain.Tree<com.bootdo.system.domain.MenuDO> com.bootdo.system.controller.MenuController.tree()
2018-08-13 09:21:57 -Mapped "{[/sys/menu/edit/{id}],methods=[GET]}" onto java.lang.String com.bootdo.system.controller.MenuController.edit(org.springframework.ui.Model,java.lang.Long)
2018-08-13 09:21:57 -Mapped "{[/sys/menu],methods=[GET]}" onto java.lang.String com.bootdo.system.controller.MenuController.menu(org.springframework.ui.Model)
2018-08-13 09:21:57 -Mapped "{[/sys/role/add],methods=[GET]}" onto java.lang.String com.bootdo.system.controller.RoleController.add()
2018-08-13 09:21:57 -Mapped "{[/sys/role/update],methods=[POST]}" onto com.bootdo.common.utils.R com.bootdo.system.controller.RoleController.update(com.bootdo.system.domain.RoleDO)
2018-08-13 09:21:57 -Mapped "{[/sys/role/list],methods=[GET]}" onto java.util.List<com.bootdo.system.domain.RoleDO> com.bootdo.system.controller.RoleController.list()
2018-08-13 09:21:57 -Mapped "{[/sys/role/remove],methods=[POST]}" onto com.bootdo.common.utils.R com.bootdo.system.controller.RoleController.save(java.lang.Long)
2018-08-13 09:21:57 -Mapped "{[/sys/role/save],methods=[POST]}" onto com.bootdo.common.utils.R com.bootdo.system.controller.RoleController.save(com.bootdo.system.domain.RoleDO)
2018-08-13 09:21:57 -Mapped "{[/sys/role/batchRemove],methods=[POST]}" onto com.bootdo.common.utils.R com.bootdo.system.controller.RoleController.batchRemove(java.lang.Long[])
2018-08-13 09:21:57 -Mapped "{[/sys/role],methods=[GET]}" onto java.lang.String com.bootdo.system.controller.RoleController.role()
2018-08-13 09:21:57 -Mapped "{[/sys/role/edit/{id}],methods=[GET]}" onto java.lang.String com.bootdo.system.controller.RoleController.edit(java.lang.Long,org.springframework.ui.Model)
2018-08-13 09:21:57 -Mapped "{[/sys/online/list]}" onto public java.util.List<com.bootdo.system.domain.UserOnline> com.bootdo.system.controller.SessionController.list()
2018-08-13 09:21:57 -Mapped "{[/sys/online/forceLogout/{sessionId}]}" onto public com.bootdo.common.utils.R com.bootdo.system.controller.SessionController.forceLogout(java.lang.String,org.springframework.web.servlet.mvc.support.RedirectAttributes)
2018-08-13 09:21:57 -Mapped "{[/sys/online],methods=[GET]}" onto public java.lang.String com.bootdo.system.controller.SessionController.online()
2018-08-13 09:21:57 -Mapped "{[/sys/online/sessionList]}" onto public java.util.Collection<org.apache.shiro.session.Session> com.bootdo.system.controller.SessionController.sessionList()
2018-08-13 09:21:57 -Mapped "{[/sys/user/exit],methods=[POST]}" onto boolean com.bootdo.system.controller.UserController.exit(java.util.Map<java.lang.String, java.lang.Object>)
2018-08-13 09:21:57 -Mapped "{[/sys/user/add],methods=[GET]}" onto java.lang.String com.bootdo.system.controller.UserController.add(org.springframework.ui.Model)
2018-08-13 09:21:57 -Mapped "{[/sys/user/remove],methods=[POST]}" onto com.bootdo.common.utils.R com.bootdo.system.controller.UserController.remove(java.lang.Long)
2018-08-13 09:21:57 -Mapped "{[/sys/user/update],methods=[POST]}" onto com.bootdo.common.utils.R com.bootdo.system.controller.UserController.update(com.bootdo.system.domain.UserDO)
2018-08-13 09:21:57 -Mapped "{[/sys/user/list],methods=[GET]}" onto com.bootdo.common.utils.PageUtils com.bootdo.system.controller.UserController.list(java.util.Map<java.lang.String, java.lang.Object>)
2018-08-13 09:21:57 -Mapped "{[/sys/user/save],methods=[POST]}" onto com.bootdo.common.utils.R com.bootdo.system.controller.UserController.save(com.bootdo.system.domain.UserDO)
2018-08-13 09:21:57 -Mapped "{[/sys/user/batchRemove],methods=[POST]}" onto com.bootdo.common.utils.R com.bootdo.system.controller.UserController.batchRemove(java.lang.Long[])
2018-08-13 09:21:57 -Mapped "{[/sys/user/tree],methods=[GET]}" onto public com.bootdo.common.domain.Tree<com.bootdo.system.domain.DeptDO> com.bootdo.system.controller.UserController.tree()
2018-08-13 09:21:57 -Mapped "{[/sys/user],methods=[GET]}" onto java.lang.String com.bootdo.system.controller.UserController.user(org.springframework.ui.Model)
2018-08-13 09:21:57 -Mapped "{[/sys/user/edit/{id}],methods=[GET]}" onto java.lang.String com.bootdo.system.controller.UserController.edit(org.springframework.ui.Model,java.lang.Long)
2018-08-13 09:21:57 -Mapped "{[/sys/user/treeView],methods=[GET]}" onto java.lang.String com.bootdo.system.controller.UserController.treeView()
2018-08-13 09:21:57 -Mapped "{[/sys/user/resetPwd],methods=[POST]}" onto com.bootdo.common.utils.R com.bootdo.system.controller.UserController.resetPwd(com.bootdo.system.vo.UserVO)
2018-08-13 09:21:57 -Mapped "{[/sys/user/resetPwd/{id}],methods=[GET]}" onto java.lang.String com.bootdo.system.controller.UserController.resetPwd(java.lang.Long,org.springframework.ui.Model)
2018-08-13 09:21:57 -Mapped "{[/sys/user/adminResetPwd],methods=[POST]}" onto com.bootdo.common.utils.R com.bootdo.system.controller.UserController.adminResetPwd(com.bootdo.system.vo.UserVO)
2018-08-13 09:21:57 -Mapped "{[/sys/user/personal],methods=[GET]}" onto java.lang.String com.bootdo.system.controller.UserController.personal(org.springframework.ui.Model)
2018-08-13 09:21:57 -Mapped "{[/sys/user/uploadImg],methods=[POST]}" onto com.bootdo.common.utils.R com.bootdo.system.controller.UserController.uploadImg(org.springframework.web.multipart.MultipartFile,java.lang.String,javax.servlet.http.HttpServletRequest)
2018-08-13 09:21:57 -Mapped "{[/sys/user/updatePeronal],methods=[POST]}" onto com.bootdo.common.utils.R com.bootdo.system.controller.UserController.updatePeronal(com.bootdo.system.domain.UserDO)
2018-08-13 09:21:57 -Mapped "{[/v2/api-docs],methods=[GET],produces=[application/json || application/hal+json]}" onto public org.springframework.http.ResponseEntity<springfox.documentation.spring.web.json.Json> springfox.documentation.swagger2.web.Swagger2Controller.getDocumentation(java.lang.String,javax.servlet.http.HttpServletRequest)
2018-08-13 09:21:57 -Mapped "{[/swagger-resources/configuration/security]}" onto org.springframework.http.ResponseEntity<springfox.documentation.swagger.web.SecurityConfiguration> springfox.documentation.swagger.web.ApiResourceController.securityConfiguration()
2018-08-13 09:21:57 -Mapped "{[/swagger-resources/configuration/ui]}" onto org.springframework.http.ResponseEntity<springfox.documentation.swagger.web.UiConfiguration> springfox.documentation.swagger.web.ApiResourceController.uiConfiguration()
2018-08-13 09:21:57 -Mapped "{[/swagger-resources]}" onto org.springframework.http.ResponseEntity<java.util.List<springfox.documentation.swagger.web.SwaggerResource>> springfox.documentation.swagger.web.ApiResourceController.swaggerResources()
2018-08-13 09:21:57 -Initializing ExecutorService  'messageBrokerTaskScheduler'
2018-08-13 09:21:57 -Mapped URL path [/endpointChat/**] onto handler of type [class org.springframework.web.socket.sockjs.support.SockJsHttpRequestHandler]
2018-08-13 09:21:57 -Initializing ExecutorService  'brokerChannelExecutor'
2018-08-13 09:21:58 -Mapped URL path [/**/favicon.ico] onto handler of type [class org.springframework.web.servlet.resource.ResourceHttpRequestHandler]
2018-08-13 09:21:58 -Looking for @ControllerAdvice: org.springframework.boot.web.servlet.context.AnnotationConfigServletWebServerApplicationContext@6fdbe764: startup date [Mon Aug 13 09:21:46 CST 2018]; root of context hierarchy
2018-08-13 09:21:58 -Mapped URL path [/webjars/**] onto handler of type [class org.springframework.web.servlet.resource.ResourceHttpRequestHandler]
2018-08-13 09:21:58 -Mapped URL path [/**] onto handler of type [class org.springframework.web.servlet.resource.ResourceHttpRequestHandler]
2018-08-13 09:21:58 -Mapped URL path [/files/**] onto handler of type [class org.springframework.web.servlet.resource.ResourceHttpRequestHandler]
2018-08-13 09:21:58 -Detected @ExceptionHandler methods in BDExceptionHandler
2018-08-13 09:21:58 -[THYMELEAF][main] Template Mode 'LEGACYHTML5' is deprecated. Using Template Mode 'HTML' instead.
2018-08-13 09:21:59 -Registering beans for JMX exposure on startup
2018-08-13 09:21:59 -Bean with name 'dataSource' has been autodetected for JMX exposure
2018-08-13 09:21:59 -Located MBean 'dataSource': registering with JMX server as MBean [com.alibaba.druid.pool:name=dataSource,type=DruidDataSource]
2018-08-13 09:21:59 -Starting beans in phase 2147483647
2018-08-13 09:21:59 -Context refreshed
2018-08-13 09:21:59 -Found 1 custom documentation plugin(s)
2018-08-13 09:21:59 -Scanning for api listing references
2018-08-13 09:22:00 -Generating unique operation named: removeUsingPOST_1
2018-08-13 09:22:00 -Generating unique operation named: addUsingGET_1
2018-08-13 09:22:00 -Generating unique operation named: editUsingGET_1
2018-08-13 09:22:00 -Generating unique operation named: listUsingGET_1
2018-08-13 09:22:00 -Generating unique operation named: removeUsingPOST_2
2018-08-13 09:22:00 -Generating unique operation named: removeUsingPOST_3
2018-08-13 09:22:00 -Generating unique operation named: saveUsingPOST_1
2018-08-13 09:22:00 -Generating unique operation named: updateUsingGET_1
2018-08-13 09:22:00 -Generating unique operation named: updateUsingHEAD_1
2018-08-13 09:22:00 -Generating unique operation named: updateUsingPOST_1
2018-08-13 09:22:00 -Generating unique operation named: updateUsingPUT_1
2018-08-13 09:22:00 -Generating unique operation named: updateUsingPATCH_1
2018-08-13 09:22:00 -Generating unique operation named: updateUsingDELETE_1
2018-08-13 09:22:00 -Generating unique operation named: updateUsingOPTIONS_1
2018-08-13 09:22:00 -Generating unique operation named: updateUsingTRACE_1
2018-08-13 09:22:00 -Generating unique operation named: addUsingGET_2
2018-08-13 09:22:00 -Generating unique operation named: editUsingGET_2
2018-08-13 09:22:00 -Generating unique operation named: listUsingGET_2
2018-08-13 09:22:00 -Generating unique operation named: removeUsingPOST_4
2018-08-13 09:22:00 -Generating unique operation named: removeUsingPOST_5
2018-08-13 09:22:00 -Generating unique operation named: saveUsingPOST_2
2018-08-13 09:22:00 -Generating unique operation named: updateUsingGET_2
2018-08-13 09:22:00 -Generating unique operation named: updateUsingHEAD_2
2018-08-13 09:22:00 -Generating unique operation named: updateUsingPOST_2
2018-08-13 09:22:00 -Generating unique operation named: updateUsingPUT_2
2018-08-13 09:22:00 -Generating unique operation named: updateUsingPATCH_2
2018-08-13 09:22:00 -Generating unique operation named: updateUsingDELETE_2
2018-08-13 09:22:00 -Generating unique operation named: updateUsingOPTIONS_2
2018-08-13 09:22:00 -Generating unique operation named: updateUsingTRACE_2
2018-08-13 09:22:00 -Generating unique operation named: addUsingGET_3
2018-08-13 09:22:00 -Generating unique operation named: editUsingGET_3
2018-08-13 09:22:00 -Generating unique operation named: listUsingGET_3
2018-08-13 09:22:00 -Generating unique operation named: removeUsingPOST_6
2018-08-13 09:22:00 -Generating unique operation named: removeUsingPOST_7
2018-08-13 09:22:00 -Generating unique operation named: saveUsingPOST_3
2018-08-13 09:22:00 -Generating unique operation named: updateUsingGET_3
2018-08-13 09:22:00 -Generating unique operation named: updateUsingHEAD_3
2018-08-13 09:22:00 -Generating unique operation named: updateUsingPOST_3
2018-08-13 09:22:00 -Generating unique operation named: updateUsingPUT_3
2018-08-13 09:22:00 -Generating unique operation named: updateUsingPATCH_3
2018-08-13 09:22:00 -Generating unique operation named: updateUsingDELETE_3
2018-08-13 09:22:00 -Generating unique operation named: updateUsingOPTIONS_3
2018-08-13 09:22:00 -Generating unique operation named: updateUsingTRACE_3
2018-08-13 09:22:00 -Generating unique operation named: editUsingGET_4
2018-08-13 09:22:00 -Generating unique operation named: listUsingGET_4
2018-08-13 09:22:00 -Generating unique operation named: updateUsingPOST_4
2018-08-13 09:22:00 -Generating unique operation named: addUsingGET_4
2018-08-13 09:22:00 -Generating unique operation named: editUsingGET_5
2018-08-13 09:22:00 -Generating unique operation named: infoUsingGET_1
2018-08-13 09:22:00 -Generating unique operation named: infoUsingHEAD_1
2018-08-13 09:22:00 -Generating unique operation named: infoUsingPOST_1
2018-08-13 09:22:00 -Generating unique operation named: infoUsingPUT_1
2018-08-13 09:22:00 -Generating unique operation named: infoUsingPATCH_1
2018-08-13 09:22:00 -Generating unique operation named: infoUsingDELETE_1
2018-08-13 09:22:00 -Generating unique operation named: infoUsingOPTIONS_1
2018-08-13 09:22:00 -Generating unique operation named: infoUsingTRACE_1
2018-08-13 09:22:00 -Generating unique operation named: listUsingGET_5
2018-08-13 09:22:00 -Generating unique operation named: removeUsingPOST_8
2018-08-13 09:22:00 -Generating unique operation named: removeUsingPOST_9
2018-08-13 09:22:00 -Generating unique operation named: saveUsingPOST_4
2018-08-13 09:22:00 -Generating unique operation named: updateUsingPOST_5
2018-08-13 09:22:00 -Generating unique operation named: listUsingGET_6
2018-08-13 09:22:00 -Generating unique operation named: removeUsingPOST_10
2018-08-13 09:22:00 -Generating unique operation named: welcomeUsingGET_1
2018-08-13 09:22:00 -Generating unique operation named: addUsingGET_5
2018-08-13 09:22:00 -Generating unique operation named: editUsingGET_6
2018-08-13 09:22:00 -Generating unique operation named: listUsingGET_7
2018-08-13 09:22:00 -Generating unique operation named: removeUsingPOST_11
2018-08-13 09:22:00 -Generating unique operation named: saveUsingPOST_5
2018-08-13 09:22:00 -Generating unique operation named: treeUsingGET_1
2018-08-13 09:22:00 -Generating unique operation named: treeUsingGET_2
2018-08-13 09:22:00 -Generating unique operation named: updateUsingPOST_6
2018-08-13 09:22:00 -Generating unique operation named: batchRemoveUsingPOST_1
2018-08-13 09:22:00 -Generating unique operation named: editUsingGET_7
2018-08-13 09:22:00 -Generating unique operation named: listUsingGET_8
2018-08-13 09:22:00 -Generating unique operation named: addUsingGET_6
2018-08-13 09:22:00 -Generating unique operation named: editUsingGET_8
2018-08-13 09:22:00 -Generating unique operation named: listUsingGET_9
2018-08-13 09:22:00 -Generating unique operation named: removeUsingPOST_12
2018-08-13 09:22:00 -Generating unique operation named: removeUsingPOST_13
2018-08-13 09:22:00 -Generating unique operation named: saveUsingPOST_6
2018-08-13 09:22:00 -Generating unique operation named: updateUsingGET_4
2018-08-13 09:22:00 -Generating unique operation named: updateUsingHEAD_4
2018-08-13 09:22:00 -Generating unique operation named: updateUsingPOST_7
2018-08-13 09:22:01 -Generating unique operation named: updateUsingPUT_4
2018-08-13 09:22:01 -Generating unique operation named: updateUsingPATCH_4
2018-08-13 09:22:01 -Generating unique operation named: updateUsingDELETE_4
2018-08-13 09:22:01 -Generating unique operation named: updateUsingOPTIONS_4
2018-08-13 09:22:01 -Generating unique operation named: updateUsingTRACE_4
2018-08-13 09:22:01 -Generating unique operation named: addUsingGET_7
2018-08-13 09:22:01 -Generating unique operation named: batchRemoveUsingPOST_2
2018-08-13 09:22:01 -Generating unique operation named: deployUsingPOST_1
2018-08-13 09:22:01 -Generating unique operation named: listUsingGET_10
2018-08-13 09:22:01 -Generating unique operation named: removeUsingPOST_14
2018-08-13 09:22:01 -Generating unique operation named: addUsingGET_8
2018-08-13 09:22:01 -Generating unique operation named: batchRemoveUsingPOST_3
2018-08-13 09:22:01 -Generating unique operation named: editUsingGET_9
2018-08-13 09:22:01 -Generating unique operation named: listUsingGET_11
2018-08-13 09:22:01 -Generating unique operation named: saveUsingPOST_7
2018-08-13 09:22:01 -Generating unique operation named: saveUsingPOST_8
2018-08-13 09:22:01 -Generating unique operation named: updateUsingPOST_8
2018-08-13 09:22:01 -Generating unique operation named: addUsingGET_9
2018-08-13 09:22:01 -Generating unique operation named: editUsingGET_10
2018-08-13 09:22:01 -Generating unique operation named: listUsingGET_12
2018-08-13 09:22:01 -Generating unique operation named: removeUsingPOST_15
2018-08-13 09:22:01 -Generating unique operation named: removeUsingPOST_16
2018-08-13 09:22:01 -Generating unique operation named: updateUsingGET_5
2018-08-13 09:22:01 -Generating unique operation named: updateUsingHEAD_5
2018-08-13 09:22:01 -Generating unique operation named: updateUsingPOST_9
2018-08-13 09:22:01 -Generating unique operation named: updateUsingPUT_5
2018-08-13 09:22:01 -Generating unique operation named: updateUsingPATCH_5
2018-08-13 09:22:01 -Generating unique operation named: updateUsingDELETE_5
2018-08-13 09:22:01 -Generating unique operation named: updateUsingOPTIONS_5
2018-08-13 09:22:01 -Generating unique operation named: updateUsingTRACE_5
2018-08-13 09:22:01 -Generating unique operation named: listUsingGET_13
2018-08-13 09:22:01 -Generating unique operation named: listUsingHEAD_1
2018-08-13 09:22:01 -Generating unique operation named: listUsingPOST_1
2018-08-13 09:22:01 -Generating unique operation named: listUsingPUT_1
2018-08-13 09:22:01 -Generating unique operation named: listUsingPATCH_1
2018-08-13 09:22:01 -Generating unique operation named: listUsingDELETE_1
2018-08-13 09:22:01 -Generating unique operation named: listUsingOPTIONS_1
2018-08-13 09:22:01 -Generating unique operation named: listUsingTRACE_1
2018-08-13 09:22:01 -Generating unique operation named: listUsingGET_14
2018-08-13 09:22:01 -Generating unique operation named: addUsingGET_10
2018-08-13 09:22:01 -Generating unique operation named: batchRemoveUsingPOST_4
2018-08-13 09:22:01 -Generating unique operation named: editUsingGET_11
2018-08-13 09:22:01 -Generating unique operation named: listUsingGET_15
2018-08-13 09:22:01 -Generating unique operation named: removeUsingPOST_17
2018-08-13 09:22:01 -Generating unique operation named: saveUsingPOST_9
2018-08-13 09:22:01 -Generating unique operation named: treeUsingGET_3
2018-08-13 09:22:01 -Generating unique operation named: treeViewUsingGET_1
2018-08-13 09:22:01 -Generating unique operation named: updateUsingPOST_10
2018-08-13 09:22:01 -Starting Quartz Scheduler now
2018-08-13 09:22:01 -Scheduler schedulerFactoryBean_$_NON_CLUSTERED started.
2018-08-13 09:22:01 -Starting...
2018-08-13 09:22:01 -BrokerAvailabilityEvent[available=true, SimpleBrokerMessageHandler [DefaultSubscriptionRegistry[cache[0 destination(s)], registry[0 sessions]]]]
2018-08-13 09:22:01 -Started.
2018-08-13 09:22:01 -Starting ProtocolHandler ["http-nio-80"]
2018-08-13 09:22:01 -Using a shared selector for servlet write/read
2018-08-13 09:22:01 -Tomcat started on port(s): 80 (http) with context path ''
2018-08-13 09:22:01 -Started BootdoApplication in 17.92 seconds (JVM running for 21.197)
2018-08-13 09:22:01 -==>  Preparing: select `id`,`cron_expression`,`method_name`,`is_concurrent`,`description`,`update_by`,`bean_class`,`create_date`,`job_status`,`job_group`,`update_date`,`create_by`,`spring_bean`,`job_name` from sys_task order by id desc 
2018-08-13 09:22:01 -==> Parameters: 
2018-08-13 09:22:01 -<==      Total: 1
2018-08-13 09:22:15 -Initializing Spring FrameworkServlet 'dispatcherServlet'
2018-08-13 09:22:15 -FrameworkServlet 'dispatcherServlet': initialization started
2018-08-13 09:22:15 -FrameworkServlet 'dispatcherServlet': initialization completed in 35 ms
2018-08-13 09:22:15 -Enabling session validation scheduler...
2018-08-13 09:22:15 -请求地址 : http://localhost/
2018-08-13 09:22:15 -HTTP METHOD : GET
2018-08-13 09:22:15 -CLASS_METHOD : com.bootdo.system.controller.LoginController.welcome
2018-08-13 09:22:15 -参数 : [{}]
2018-08-13 09:22:15 -耗时 : 2
2018-08-13 09:22:15 -返回值 : redirect:/blog
2018-08-13 09:22:15 -请求地址 : http://localhost/blog
2018-08-13 09:22:15 -HTTP METHOD : GET
2018-08-13 09:22:15 -CLASS_METHOD : com.bootdo.blog.controller.BlogController.blog
2018-08-13 09:22:15 -参数 : []
2018-08-13 09:22:15 -耗时 : 0
2018-08-13 09:22:15 -返回值 : blog/index/main
2018-08-13 09:22:16 -请求地址 : http://localhost/blog/open/list
2018-08-13 09:22:16 -HTTP METHOD : GET
2018-08-13 09:22:16 -CLASS_METHOD : com.bootdo.blog.controller.BlogController.opentList
2018-08-13 09:22:16 -参数 : [{type=article, limit=10, offset=0}]
2018-08-13 09:22:16 -==>  Preparing: select `cid`,`title`,`slug`,`created`,`modified`,`content`,`type`,`tags`,`categories`,`hits`,`comments_num`,`allow_comment`,`allow_ping`,`allow_feed`,`status`,`author`,`gtm_create`,`gtm_modified` from blog_content WHERE type = ? order by cid desc limit 0, 10 
2018-08-13 09:22:16 -==> Parameters: article(String)
2018-08-13 09:22:16 -<==      Total: 10
2018-08-13 09:22:16 -==>  Preparing: select count(*) from blog_content WHERE type = ? 
2018-08-13 09:22:16 -==> Parameters: article(String)
2018-08-13 09:22:16 -<==      Total: 1
2018-08-13 09:22:16 -耗时 : 134
2018-08-13 09:22:16 -返回值 : com.bootdo.common.utils.PageUtils@7a716409
2018-08-13 09:22:31 -请求地址 : http://localhost/
2018-08-13 09:22:31 -HTTP METHOD : GET
2018-08-13 09:22:31 -CLASS_METHOD : com.bootdo.system.controller.LoginController.welcome
2018-08-13 09:22:31 -参数 : [{}]
2018-08-13 09:22:31 -耗时 : 1
2018-08-13 09:22:31 -返回值 : redirect:/blog
2018-08-13 09:22:31 -请求地址 : http://localhost/blog
2018-08-13 09:22:31 -HTTP METHOD : GET
2018-08-13 09:22:31 -CLASS_METHOD : com.bootdo.blog.controller.BlogController.blog
2018-08-13 09:22:31 -参数 : []
2018-08-13 09:22:31 -耗时 : 0
2018-08-13 09:22:31 -返回值 : blog/index/main
2018-08-13 09:22:31 -请求地址 : http://localhost/blog/open/list
2018-08-13 09:22:31 -HTTP METHOD : GET
2018-08-13 09:22:31 -CLASS_METHOD : com.bootdo.blog.controller.BlogController.opentList
2018-08-13 09:22:31 -参数 : [{type=article, limit=10, offset=0}]
2018-08-13 09:22:31 -==>  Preparing: select `cid`,`title`,`slug`,`created`,`modified`,`content`,`type`,`tags`,`categories`,`hits`,`comments_num`,`allow_comment`,`allow_ping`,`allow_feed`,`status`,`author`,`gtm_create`,`gtm_modified` from blog_content WHERE type = ? order by cid desc limit 0, 10 
2018-08-13 09:22:31 -==> Parameters: article(String)
2018-08-13 09:22:31 -<==      Total: 10
2018-08-13 09:22:31 -==>  Preparing: select count(*) from blog_content WHERE type = ? 
2018-08-13 09:22:31 -==> Parameters: article(String)
2018-08-13 09:22:31 -<==      Total: 1
2018-08-13 09:22:31 -耗时 : 23
2018-08-13 09:22:31 -返回值 : com.bootdo.common.utils.PageUtils@3937a89e
2018-08-13 09:22:35 -请求地址 : http://localhost/blog/open/post/121
2018-08-13 09:22:35 -HTTP METHOD : GET
2018-08-13 09:22:35 -CLASS_METHOD : com.bootdo.blog.controller.BlogController.post
2018-08-13 09:22:35 -参数 : [121, {}]
2018-08-13 09:22:35 -==>  Preparing: select `cid`,`title`,`slug`,`created`,`modified`,`content`,`type`,`tags`,`categories`,`hits`,`comments_num`,`allow_comment`,`allow_ping`,`allow_feed`,`status`,`author`,`gtm_create`,`gtm_modified` from blog_content where cid = ? 
2018-08-13 09:22:35 -==> Parameters: 121(Long)
2018-08-13 09:22:35 -<==      Total: 1
2018-08-13 09:22:35 -耗时 : 8
2018-08-13 09:22:35 -返回值 : blog/index/post
2018-08-13 09:22:57 -请求地址 : http://localhost/
2018-08-13 09:22:57 -HTTP METHOD : GET
2018-08-13 09:22:57 -CLASS_METHOD : com.bootdo.system.controller.LoginController.welcome
2018-08-13 09:22:57 -参数 : [{}]
2018-08-13 09:22:57 -耗时 : 1
2018-08-13 09:22:57 -返回值 : redirect:/blog
2018-08-13 09:22:57 -请求地址 : http://localhost/blog
2018-08-13 09:22:57 -HTTP METHOD : GET
2018-08-13 09:22:57 -CLASS_METHOD : com.bootdo.blog.controller.BlogController.blog
2018-08-13 09:22:57 -参数 : []
2018-08-13 09:22:57 -耗时 : 0
2018-08-13 09:22:57 -返回值 : blog/index/main
2018-08-13 09:22:57 -请求地址 : http://localhost/blog/open/list
2018-08-13 09:22:57 -HTTP METHOD : GET
2018-08-13 09:22:57 -CLASS_METHOD : com.bootdo.blog.controller.BlogController.opentList
2018-08-13 09:22:57 -参数 : [{type=article, limit=10, offset=0}]
2018-08-13 09:22:57 -==>  Preparing: select `cid`,`title`,`slug`,`created`,`modified`,`content`,`type`,`tags`,`categories`,`hits`,`comments_num`,`allow_comment`,`allow_ping`,`allow_feed`,`status`,`author`,`gtm_create`,`gtm_modified` from blog_content WHERE type = ? order by cid desc limit 0, 10 
2018-08-13 09:22:57 -==> Parameters: article(String)
2018-08-13 09:22:57 -<==      Total: 10
2018-08-13 09:22:57 -==>  Preparing: select count(*) from blog_content WHERE type = ? 
2018-08-13 09:22:57 -==> Parameters: article(String)
2018-08-13 09:22:57 -<==      Total: 1
2018-08-13 09:22:57 -耗时 : 15
2018-08-13 09:22:57 -返回值 : com.bootdo.common.utils.PageUtils@27335265
2018-08-13 09:22:57 -WebSocketSession[0 current WS(0)-HttpStream(0)-HttpPoll(0), 0 total, 0 closed abnormally (0 connect failure, 0 send limit, 0 transport error)], stompSubProtocol[processed CONNECT(0)-CONNECTED(0)-DISCONNECT(0)], stompBrokerRelay[null], inboundChannel[pool size = 0, active threads = 0, queued tasks = 0, completed tasks = 0], outboundChannelpool size = 0, active threads = 0, queued tasks = 0, completed tasks = 0], sockJsScheduler[pool size = 1, active threads = 1, queued tasks = 0, completed tasks = 0]
2018-08-13 09:22:59 -请求地址 : http://localhost/blog/open/page/about
2018-08-13 09:22:59 -HTTP METHOD : GET
2018-08-13 09:22:59 -CLASS_METHOD : com.bootdo.blog.controller.BlogController.about
2018-08-13 09:22:59 -参数 : [about, {}]
2018-08-13 09:22:59 -==>  Preparing: select `cid`,`title`,`slug`,`created`,`modified`,`content`,`type`,`tags`,`categories`,`hits`,`comments_num`,`allow_comment`,`allow_ping`,`allow_feed`,`status`,`author`,`gtm_create`,`gtm_modified` from blog_content WHERE categories = ? order by cid desc 
2018-08-13 09:22:59 -==> Parameters: about(String)
2018-08-13 09:22:59 -<==      Total: 1
2018-08-13 09:22:59 -==>  Preparing: select `cid`,`title`,`slug`,`created`,`modified`,`content`,`type`,`tags`,`categories`,`hits`,`comments_num`,`allow_comment`,`allow_ping`,`allow_feed`,`status`,`author`,`gtm_create`,`gtm_modified` from blog_content WHERE categories = ? order by cid desc 
2018-08-13 09:22:59 -==> Parameters: about(String)
2018-08-13 09:22:59 -<==      Total: 1
2018-08-13 09:22:59 -耗时 : 15
2018-08-13 09:22:59 -返回值 : blog/index/post
2018-08-13 09:23:00 -请求地址 : http://localhost/login
2018-08-13 09:23:00 -HTTP METHOD : GET
2018-08-13 09:23:00 -CLASS_METHOD : com.bootdo.system.controller.LoginController.login
2018-08-13 09:23:00 -参数 : []
2018-08-13 09:23:00 -耗时 : 0
2018-08-13 09:23:00 -返回值 : login
2018-08-13 09:23:01 -请求地址 : http://localhost/login
2018-08-13 09:23:01 -HTTP METHOD : POST
2018-08-13 09:23:01 -CLASS_METHOD : com.bootdo.system.controller.LoginController.ajaxLogin
2018-08-13 09:23:01 -参数 : [admin, 111111]
2018-08-13 09:23:01 -==>  Preparing: select `user_id`,`username`,`name`,`password`,`dept_id`,`email`,`mobile`,`status`,`user_id_create`,`gmt_create`,`gmt_modified`,`sex`,`birth`,`pic_id`,`live_address`,`hobby`,`province`,`city`,`district` from sys_user WHERE username = ? order by user_id desc 
2018-08-13 09:23:01 -==> Parameters: admin(String)
2018-08-13 09:23:01 -<==      Total: 1
2018-08-13 09:23:01 -耗时 : 36
2018-08-13 09:23:01 -返回值 : {msg=操作成功, code=0}
2018-08-13 09:23:01 -More than one TaskExecutor bean found within the context, and none is named 'taskExecutor'. Mark one of them as primary or name it 'taskExecutor' (possibly as an alias) in order to use it for async processing: [clientInboundChannelExecutor, clientOutboundChannelExecutor, brokerChannelExecutor, messageBrokerTaskScheduler]
2018-08-13 09:23:01 -==>  Preparing: insert into sys_log ( `user_id`, `username`, `operation`, `time`, `method`, `params`, `ip`, `gmt_create` ) values ( ?, ?, ?, ?, ?, ?, ?, ? ) 
2018-08-13 09:23:01 -==> Parameters: 1(Long), admin(String), 登录(String), 36(Integer), com.bootdo.system.controller.LoginController.ajaxLogin()(String), null, 127.0.0.1(String), 2018-08-13 09:23:01.769(Timestamp)
2018-08-13 09:23:01 -<==    Updates: 1
2018-08-13 09:23:01 -请求地址 : http://localhost/index
2018-08-13 09:23:01 -HTTP METHOD : GET
2018-08-13 09:23:01 -CLASS_METHOD : com.bootdo.system.controller.LoginController.index
2018-08-13 09:23:01 -参数 : [{}]
2018-08-13 09:23:01 -==>  Preparing: select distinct m.menu_id , parent_id, name, url, perms,`type`,icon,order_num,gmt_create, gmt_modified from sys_menu m left join sys_role_menu rm on m.menu_id = rm.menu_id left join sys_user_role ur on rm.role_id =ur.role_id where ur.user_id = ? and m.type in(0,1) order by m.order_num 
2018-08-13 09:23:01 -==> Parameters: 1(Long)
2018-08-13 09:23:01 -<==      Total: 27
2018-08-13 09:23:01 -==>  Preparing: select `id`,`type`,`url`,`create_date` from sys_file where id = ? 
2018-08-13 09:23:01 -==> Parameters: 138(Long)
2018-08-13 09:23:01 -<==      Total: 1
2018-08-13 09:23:01 -耗时 : 94
2018-08-13 09:23:01 -返回值 : index_v1
2018-08-13 09:23:01 -==>  Preparing: insert into sys_log ( `user_id`, `username`, `operation`, `time`, `method`, `params`, `ip`, `gmt_create` ) values ( ?, ?, ?, ?, ?, ?, ?, ? ) 
2018-08-13 09:23:01 -==> Parameters: 1(Long), admin(String), 请求访问主页(String), 94(Integer), com.bootdo.system.controller.LoginController.index()(String), null, 127.0.0.1(String), 2018-08-13 09:23:01.95(Timestamp)
2018-08-13 09:23:01 -<==    Updates: 1
2018-08-13 09:23:02 -请求地址 : http://localhost/main
2018-08-13 09:23:02 -HTTP METHOD : GET
2018-08-13 09:23:02 -CLASS_METHOD : com.bootdo.system.controller.LoginController.main
2018-08-13 09:23:02 -参数 : []
2018-08-13 09:23:02 -耗时 : 1
2018-08-13 09:23:02 -返回值 : main
2018-08-13 09:23:02 -请求地址 : http://localhost/oa/notify/message
2018-08-13 09:23:02 -HTTP METHOD : GET
2018-08-13 09:23:02 -CLASS_METHOD : com.bootdo.oa.controller.NotifyController.message
2018-08-13 09:23:02 -参数 : []
2018-08-13 09:23:02 -==>  Preparing: select DISTINCT n.id ,`type`,`title`,`content`,`files`,r.is_read,`status`,`create_by`,`create_date`,`update_by`,`update_date`,`remarks`,`del_flag` from oa_notify_record r right JOIN oa_notify n on r.notify_id = n.id WHERE r.is_read = ? and r.user_id = ? order by is_read ASC, update_date DESC limit ?, ? 
2018-08-13 09:23:02 -==> Parameters: 0(String), 1(Long), 0(Integer), 3(Integer)
2018-08-13 09:23:02 -<==      Total: 0
2018-08-13 09:23:02 -==>  Preparing: select count(*) from oa_notify_record r right JOIN oa_notify n on r.notify_id = n.id where r.user_id =? and r.is_read = ? 
2018-08-13 09:23:02 -==> Parameters: 1(Long), 0(String)
2018-08-13 09:23:02 -<==      Total: 1
2018-08-13 09:23:02 -耗时 : 52
2018-08-13 09:23:02 -返回值 : com.bootdo.common.utils.PageUtils@436d9f20
2018-08-13 09:23:02 -请求地址 : http://localhost/main
2018-08-13 09:23:02 -HTTP METHOD : GET
2018-08-13 09:23:02 -CLASS_METHOD : com.bootdo.system.controller.LoginController.main
2018-08-13 09:23:02 -参数 : []
2018-08-13 09:23:02 -耗时 : 1
2018-08-13 09:23:02 -返回值 : main
2018-08-13 09:23:14 -==>  Preparing: select distinct m.perms from sys_menu m left join sys_role_menu rm on m.menu_id = rm.menu_id left join sys_user_role ur on rm.role_id = ur.role_id where ur.user_id = ? 
2018-08-13 09:23:14 -==> Parameters: 1(Long)
2018-08-13 09:23:14 -<==      Total: 47
2018-08-13 09:23:14 -请求地址 : http://localhost/blog/bContent/add
2018-08-13 09:23:14 -HTTP METHOD : GET
2018-08-13 09:23:14 -CLASS_METHOD : com.bootdo.blog.controller.ContentController.add
2018-08-13 09:23:14 -参数 : []
2018-08-13 09:23:14 -耗时 : 0
2018-08-13 09:23:14 -返回值 : blog/bContent/add
2018-08-13 09:23:16 -请求地址 : http://localhost/blog/bContent
2018-08-13 09:23:16 -HTTP METHOD : GET
2018-08-13 09:23:16 -CLASS_METHOD : com.bootdo.blog.controller.ContentController.bContent
2018-08-13 09:23:16 -参数 : []
2018-08-13 09:23:16 -耗时 : 0
2018-08-13 09:23:16 -返回值 : blog/bContent/bContent
2018-08-13 09:23:16 -请求地址 : http://localhost/blog/bContent/list
2018-08-13 09:23:16 -HTTP METHOD : GET
2018-08-13 09:23:16 -CLASS_METHOD : com.bootdo.blog.controller.ContentController.list
2018-08-13 09:23:16 -参数 : [{limit=10, offset=0}]
2018-08-13 09:23:16 -==>  Preparing: select `cid`,`title`,`slug`,`created`,`modified`,`content`,`type`,`tags`,`categories`,`hits`,`comments_num`,`allow_comment`,`allow_ping`,`allow_feed`,`status`,`author`,`gtm_create`,`gtm_modified` from blog_content order by cid desc limit 0, 10 
2018-08-13 09:23:16 -==> Parameters: 
2018-08-13 09:23:16 -<==      Total: 10
2018-08-13 09:23:16 -==>  Preparing: select count(*) from blog_content 
2018-08-13 09:23:16 -==> Parameters: 
2018-08-13 09:23:16 -<==      Total: 1
2018-08-13 09:23:16 -耗时 : 21
2018-08-13 09:23:16 -返回值 : com.bootdo.common.utils.PageUtils@6de82018
2018-08-13 09:30:25 -==>  Preparing: select distinct m.perms from sys_menu m left join sys_role_menu rm on m.menu_id = rm.menu_id left join sys_user_role ur on rm.role_id = ur.role_id where ur.user_id = ? 
2018-08-13 09:30:25 -==> Parameters: 1(Long)
2018-08-13 09:30:25 -<==      Total: 47
2018-08-13 09:30:25 -请求地址 : http://localhost/sys/role
2018-08-13 09:30:25 -HTTP METHOD : GET
2018-08-13 09:30:25 -CLASS_METHOD : com.bootdo.system.controller.RoleController.role
2018-08-13 09:30:25 -参数 : []
2018-08-13 09:30:25 -耗时 : 0
2018-08-13 09:30:25 -返回值 : system/role/role
2018-08-13 09:30:26 -请求地址 : http://localhost/sys/role/list
2018-08-13 09:30:26 -HTTP METHOD : GET
2018-08-13 09:30:26 -CLASS_METHOD : com.bootdo.system.controller.RoleController.list
2018-08-13 09:30:26 -参数 : []
2018-08-13 09:30:26 -==>  Preparing: select `role_id`,`role_name`,`role_sign`,`remark`,`user_id_create`,`gmt_create`,`gmt_modified` from sys_role order by role_id desc 
2018-08-13 09:30:26 -==> Parameters: 
2018-08-13 09:30:26 -<==      Total: 1
2018-08-13 09:30:26 -耗时 : 21
2018-08-13 09:30:26 -返回值 : [RoleDO{roleId=1, roleName='超级用户角色', roleSign='admin', remark='拥有最高权限', userIdCreate=2, gmtCreate=2017-08-12 00:43:52.0, gmtModified=2017-08-12 19:14:59.0, menuIds=null}]
2018-08-13 09:30:27 -请求地址 : http://localhost/sys/user/
2018-08-13 09:30:27 -HTTP METHOD : GET
2018-08-13 09:30:27 -CLASS_METHOD : com.bootdo.system.controller.UserController.user
2018-08-13 09:30:27 -参数 : [{}]
2018-08-13 09:30:27 -耗时 : 1
2018-08-13 09:30:27 -返回值 : system/user/user
2018-08-13 09:30:27 -请求地址 : http://localhost/system/sysDept/tree
2018-08-13 09:30:27 -HTTP METHOD : GET
2018-08-13 09:30:27 -CLASS_METHOD : com.bootdo.system.controller.DeptController.tree
2018-08-13 09:30:27 -参数 : []
2018-08-13 09:30:27 -==>  Preparing: select `dept_id`,`parent_id`,`name`,`order_num`,`del_flag` from sys_dept order by dept_id desc 
2018-08-13 09:30:27 -==> Parameters: 
2018-08-13 09:30:27 -请求地址 : http://localhost/sys/user/list
2018-08-13 09:30:27 -HTTP METHOD : GET
2018-08-13 09:30:27 -CLASS_METHOD : com.bootdo.system.controller.UserController.list
2018-08-13 09:30:27 -参数 : [{limit=10, offset=0, name=, deptId=}]
2018-08-13 09:30:27 -<==      Total: 10
2018-08-13 09:30:27 -耗时 : 25
2018-08-13 09:30:27 -返回值 : {"checked":true,"children":[{"checked":false,"children":[{"checked":false,"children":[],"hasChildren":false,"hasParent":true,"id":"15","parentId":"13","state":{"opened":true},"text":"测试二部"},{"checked":false,"children":[],"hasChildren":false,"hasParent":true,"id":"14","parentId":"13","state":{"opened":true},"text":"测试一部"}],"hasChildren":true,"hasParent":false,"id":"13","parentId":"0","state":{"opened":true},"text":"测试部"},{"checked":false,"children":[{"checked":false,"children":[],"hasChildren":false,"hasParent":true,"id":"12","parentId":"11","state":{"opened":true},"text":"产品一部"}],"hasChildren":true,"hasParent":false,"id":"11","parentId":"0","state":{"opened":true},"text":"产品部"},{"checked":false,"children":[{"checked":false,"children":[],"hasChildren":false,"hasParent":true,"id":"10","parentId":"9","state":{"opened":true},"text":"销售一部"}],"hasChildren":true,"hasParent":false,"id":"9","parentId":"0","state":{"opened":true},"text":"销售部"},{"checked":false,"children":[{"checked":false,"children":[],"hasChildren":false,"hasParent":true,"id":"8","parentId":"6","state":{"opened":true},"text":"研发二部"},{"checked":false,"children":[],"hasChildren":false,"hasParent":true,"id":"7","parentId":"6","state":{"opened":true},"text":"研發一部"}],"hasChildren":true,"hasParent":false,"id":"6","parentId":"0","state":{"opened":true},"text":"研发部"}],"hasChildren":true,"hasParent":false,"id":"-1","parentId":"","state":{"opened":true},"text":"顶级节点"}
2018-08-13 09:30:27 -==>  Preparing: select `user_id`,`username`,`name`,`password`,`dept_id`,`email`,`mobile`,`status`,`user_id_create`,`gmt_create`,`gmt_modified`,`sex`,`birth`,`pic_id`,`live_address`,`hobby`,`province`,`city`,`district` from sys_user order by user_id desc limit ?, ? 
2018-08-13 09:30:27 -==> Parameters: 0(Integer), 10(Integer)
2018-08-13 09:30:27 -<==      Total: 10
2018-08-13 09:30:27 -==>  Preparing: select count(*) from sys_user 
2018-08-13 09:30:27 -==> Parameters: 
2018-08-13 09:30:27 -<==      Total: 1
2018-08-13 09:30:27 -耗时 : 29
2018-08-13 09:30:27 -返回值 : com.bootdo.common.utils.PageUtils@533b9f75
